<?xml version="1.0" encoding="UTF-8"?>
<testng-results skipped="0" failed="1" ignored="1" total="2" passed="0">
  <reporter-output>
  </reporter-output>
  <suite name="Suite" duration-ms="46668" started-at="2021-07-14T18:24:12Z" finished-at="2021-07-14T18:24:58Z">
    <groups>
    </groups>
    <test name="Login Page Tests in Chrome" duration-ms="46668" started-at="2021-07-14T18:24:12Z" finished-at="2021-07-14T18:24:58Z">
      <class name="com.myTests.LoginTest">
        <test-method status="PASS" signature="setUpTest(java.lang.String)[pri:0, instance:com.myTests.LoginTest@5b275dab]" name="setUpTest" is-config="true" duration-ms="18284" started-at="2021-07-14T14:24:12Z" finished-at="2021-07-14T14:24:30Z">
          <params>
            <param index="0">
              <value>
                <![CDATA[chrome]]>
              </value>
            </param>
          </params>
          <reporter-output>
          </reporter-output>
        </test-method> <!-- setUpTest -->
        <test-method status="FAIL" signature="loginTest()[pri:2, instance:com.myTests.LoginTest@5b275dab]" name="loginTest" duration-ms="27644" started-at="2021-07-14T14:24:30Z" finished-at="2021-07-14T14:24:58Z">
          <exception class="java.lang.NullPointerException">
            <full-stacktrace>
              <![CDATA[java.lang.NullPointerException
	at com.mypages.LoginPage.doLogin(LoginPage.java:92)
	at com.myTests.LoginTest.loginTest(LoginTest.java:18)
	at sun.reflect.NativeMethodAccessorImpl.invoke0(Native Method)
	at sun.reflect.NativeMethodAccessorImpl.invoke(Unknown Source)
	at sun.reflect.DelegatingMethodAccessorImpl.invoke(Unknown Source)
	at java.lang.reflect.Method.invoke(Unknown Source)
	at org.testng.internal.MethodInvocationHelper.invokeMethod(MethodInvocationHelper.java:108)
	at org.testng.internal.Invoker.invokeMethod(Invoker.java:661)
	at org.testng.internal.Invoker.invokeTestMethod(Invoker.java:869)
	at org.testng.internal.Invoker.invokeTestMethods(Invoker.java:1193)
	at org.testng.internal.TestMethodWorker.invokeTestMethods(TestMethodWorker.java:126)
	at org.testng.internal.TestMethodWorker.run(TestMethodWorker.java:109)
	at java.util.concurrent.ThreadPoolExecutor.runWorker(Unknown Source)
	at java.util.concurrent.ThreadPoolExecutor$Worker.run(Unknown Source)
	at java.lang.Thread.run(Unknown Source)
]]>
            </full-stacktrace>
          </exception> <!-- java.lang.NullPointerException -->
          <reporter-output>
          </reporter-output>
        </test-method> <!-- loginTest -->
        <test-method status="PASS" signature="tearDown()[pri:0, instance:com.myTests.LoginTest@5b275dab]" name="tearDown" is-config="true" duration-ms="717" started-at="2021-07-14T14:24:58Z" finished-at="2021-07-14T14:24:58Z">
          <reporter-output>
          </reporter-output>
        </test-method> <!-- tearDown -->
      </class> <!-- com.myTests.LoginTest -->
    </test> <!-- Login Page Tests in Chrome -->
  </suite> <!-- Suite -->
</testng-results>
